nohup: ignoring input
C1007_VC_3_FullCon_Wk01_Day3_100318.csv
[INFO 2020-01-23 22:30:43,393 model.py:286] begin to initialize the external scorer for decoding
[INFO 2020-01-23 22:30:52,354 model.py:296] language model: is_character_based = 0, max_order = 5, dict_size = 400000
[INFO 2020-01-23 22:30:52,445 model.py:297] end initializing scorer
C1017_VC_3_FullCon_Wk01_Day3_122618.csv
[INFO 2020-01-23 22:34:10,602 model.py:286] begin to initialize the external scorer for decoding
[INFO 2020-01-23 22:34:19,502 model.py:296] language model: is_character_based = 0, max_order = 5, dict_size = 400000
[INFO 2020-01-23 22:34:19,593 model.py:297] end initializing scorer
C1018_VC_3_FullCon_Wk01_Day3_010919.csv
[INFO 2020-01-23 22:37:51,680 model.py:286] begin to initialize the external scorer for decoding
[INFO 2020-01-23 22:38:00,580 model.py:296] language model: is_character_based = 0, max_order = 5, dict_size = 400000
[INFO 2020-01-23 22:38:00,671 model.py:297] end initializing scorer
C1019_VC_3_FullCon_Wk01_Day3_031319.csv
[INFO 2020-01-23 22:41:43,316 model.py:286] begin to initialize the external scorer for decoding
[INFO 2020-01-23 22:41:52,437 model.py:296] language model: is_character_based = 0, max_order = 5, dict_size = 400000
[INFO 2020-01-23 22:41:52,528 model.py:297] end initializing scorer
C1028_VC_3_FullCon_Wk01_Day3_040319.csv
[INFO 2020-01-23 22:45:24,119 model.py:286] begin to initialize the external scorer for decoding
[INFO 2020-01-23 22:45:32,988 model.py:296] language model: is_character_based = 0, max_order = 5, dict_size = 400000
[INFO 2020-01-23 22:45:33,079 model.py:297] end initializing scorer
C1032_VC_3_FullCon_Wk01_Day3_030619.csv
[INFO 2020-01-23 22:49:09,683 model.py:286] begin to initialize the external scorer for decoding
[INFO 2020-01-23 22:49:18,588 model.py:296] language model: is_character_based = 0, max_order = 5, dict_size = 400000
[INFO 2020-01-23 22:49:18,679 model.py:297] end initializing scorer
C1033_VC_3_FullCon_Wk01_Day3_032719.csv
[INFO 2020-01-23 22:52:50,262 model.py:286] begin to initialize the external scorer for decoding
[INFO 2020-01-23 22:52:59,138 model.py:296] language model: is_character_based = 0, max_order = 5, dict_size = 400000
[INFO 2020-01-23 22:52:59,228 model.py:297] end initializing scorer
C1038_VC_3_FullCon_Wk01_Day04_050319.csv
[INFO 2020-01-23 22:56:23,482 model.py:286] begin to initialize the external scorer for decoding
[INFO 2020-01-23 22:56:32,362 model.py:296] language model: is_character_based = 0, max_order = 5, dict_size = 400000
[INFO 2020-01-23 22:56:32,453 model.py:297] end initializing scorer
C1039_VC_3_FullCon_Wk01_Day3_041019.csv
[INFO 2020-01-23 23:00:41,641 model.py:286] begin to initialize the external scorer for decoding
[INFO 2020-01-23 23:00:50,597 model.py:296] language model: is_character_based = 0, max_order = 5, dict_size = 400000
[INFO 2020-01-23 23:00:50,687 model.py:297] end initializing scorer
C1042_VC_3_FullCon_Wk01_Day3_042419.csv
[INFO 2020-01-23 23:04:59,908 model.py:286] begin to initialize the external scorer for decoding
[INFO 2020-01-23 23:05:08,781 model.py:296] language model: is_character_based = 0, max_order = 5, dict_size = 400000
[INFO 2020-01-23 23:05:08,872 model.py:297] end initializing scorer
C1046_VC_3_FullCon_Wk01_Day3_041719.csv
[INFO 2020-01-23 23:08:43,316 model.py:286] begin to initialize the external scorer for decoding
[INFO 2020-01-23 23:08:52,409 model.py:296] language model: is_character_based = 0, max_order = 5, dict_size = 400000
[INFO 2020-01-23 23:08:52,499 model.py:297] end initializing scorer
C1052_VC_3_FullCon_Wk01_Day03_052219.csv
[INFO 2020-01-23 23:12:37,079 model.py:286] begin to initialize the external scorer for decoding
[INFO 2020-01-23 23:12:45,946 model.py:296] language model: is_character_based = 0, max_order = 5, dict_size = 400000
[INFO 2020-01-23 23:12:46,037 model.py:297] end initializing scorer
C1054_VC_3_FullCon_Wk01_Day3_061919.csv
[INFO 2020-01-23 23:16:48,728 model.py:286] begin to initialize the external scorer for decoding
[INFO 2020-01-23 23:16:58,137 model.py:296] language model: is_character_based = 0, max_order = 5, dict_size = 400000
[INFO 2020-01-23 23:16:58,228 model.py:297] end initializing scorer
C1066_VC_3_FullCon_Wk01_Day03_060519.csv
[INFO 2020-01-23 23:20:32,918 model.py:286] begin to initialize the external scorer for decoding
[INFO 2020-01-23 23:20:41,811 model.py:296] language model: is_character_based = 0, max_order = 5, dict_size = 400000
[INFO 2020-01-23 23:20:41,902 model.py:297] end initializing scorer
C1070_VC_3_FullCon_Wk01_Day3_080719.csv
[INFO 2020-01-23 23:24:00,667 model.py:286] begin to initialize the external scorer for decoding
[INFO 2020-01-23 23:24:09,574 model.py:296] language model: is_character_based = 0, max_order = 5, dict_size = 400000
[INFO 2020-01-23 23:24:09,665 model.py:297] end initializing scorer
C1079_VC_3_FullCon_Wk01_Day3_090419.csv
[INFO 2020-01-23 23:28:01,731 model.py:286] begin to initialize the external scorer for decoding
[INFO 2020-01-23 23:28:10,620 model.py:296] language model: is_character_based = 0, max_order = 5, dict_size = 400000
[INFO 2020-01-23 23:28:10,710 model.py:297] end initializing scorer
C1082_VC_3_FullCon_Wk01_Day3_081419.csv
[INFO 2020-01-23 23:32:11,639 model.py:286] begin to initialize the external scorer for decoding
[INFO 2020-01-23 23:32:20,516 model.py:296] language model: is_character_based = 0, max_order = 5, dict_size = 400000
[INFO 2020-01-23 23:32:20,607 model.py:297] end initializing scorer
C1083_VC_3_FullCon_Wk01_Day3_080719.csv
[INFO 2020-01-23 23:35:52,471 model.py:286] begin to initialize the external scorer for decoding
[INFO 2020-01-23 23:36:01,352 model.py:296] language model: is_character_based = 0, max_order = 5, dict_size = 400000
[INFO 2020-01-23 23:36:01,442 model.py:297] end initializing scorer
C1097_VC_3_FullCon_Wk01_Day3_100219.csv
[INFO 2020-01-23 23:39:45,103 model.py:286] begin to initialize the external scorer for decoding
[INFO 2020-01-23 23:39:54,040 model.py:296] language model: is_character_based = 0, max_order = 5, dict_size = 400000
[INFO 2020-01-23 23:39:54,130 model.py:297] end initializing scorer
C1103_VC_3_FullCon_Wk01_Day3_090419.csv
[INFO 2020-01-23 23:43:49,522 model.py:286] begin to initialize the external scorer for decoding
[INFO 2020-01-23 23:43:58,952 model.py:296] language model: is_character_based = 0, max_order = 5, dict_size = 400000
[INFO 2020-01-23 23:43:59,043 model.py:297] end initializing scorer
C1104_VC_3_FullCon_Wk01_Day3_091819.csv
[INFO 2020-01-23 23:47:13,147 model.py:286] begin to initialize the external scorer for decoding
[INFO 2020-01-23 23:47:22,101 model.py:296] language model: is_character_based = 0, max_order = 5, dict_size = 400000
[INFO 2020-01-23 23:47:22,191 model.py:297] end initializing scorer
C1105_VC_3_FullCon_Wk01_Day3_091819.csv
[INFO 2020-01-23 23:50:22,409 model.py:286] begin to initialize the external scorer for decoding
[INFO 2020-01-23 23:50:31,311 model.py:296] language model: is_character_based = 0, max_order = 5, dict_size = 400000
[INFO 2020-01-23 23:50:31,401 model.py:297] end initializing scorer
C1106_VC_3_FullCon_Wk01_Day3_100919.csv
[INFO 2020-01-23 23:54:27,523 model.py:286] begin to initialize the external scorer for decoding
[INFO 2020-01-23 23:54:36,438 model.py:296] language model: is_character_based = 0, max_order = 5, dict_size = 400000
[INFO 2020-01-23 23:54:36,533 model.py:297] end initializing scorer
C1112_VC_3_FullCon_Wk01_Day3_100919.csv
[INFO 2020-01-23 23:58:19,943 model.py:286] begin to initialize the external scorer for decoding
[INFO 2020-01-23 23:58:29,232 model.py:296] language model: is_character_based = 0, max_order = 5, dict_size = 400000
[INFO 2020-01-23 23:58:29,326 model.py:297] end initializing scorer
C1113_VC_3_FullCon_Wk01_Day3_103019.csv
[INFO 2020-01-24 00:02:12,320 model.py:286] begin to initialize the external scorer for decoding
[INFO 2020-01-24 00:02:21,642 model.py:296] language model: is_character_based = 0, max_order = 5, dict_size = 400000
[INFO 2020-01-24 00:02:21,736 model.py:297] end initializing scorer
C1122_VC_3_FullCon_Wk01_Day3_100919.csv
[INFO 2020-01-24 00:06:39,965 model.py:286] begin to initialize the external scorer for decoding
[INFO 2020-01-24 00:06:49,257 model.py:296] language model: is_character_based = 0, max_order = 5, dict_size = 400000
[INFO 2020-01-24 00:06:49,351 model.py:297] end initializing scorer
C1124_VC_3_FullCon_Wk01_Day3_102319.csv
[INFO 2020-01-24 00:10:32,504 model.py:286] begin to initialize the external scorer for decoding
[INFO 2020-01-24 00:10:41,791 model.py:296] language model: is_character_based = 0, max_order = 5, dict_size = 400000
[INFO 2020-01-24 00:10:41,885 model.py:297] end initializing scorer
C1127_VC_3_FullCon_Wk01_Day3_103019.csv
[INFO 2020-01-24 00:14:44,449 model.py:286] begin to initialize the external scorer for decoding
[INFO 2020-01-24 00:14:54,056 model.py:296] language model: is_character_based = 0, max_order = 5, dict_size = 400000
[INFO 2020-01-24 00:14:54,154 model.py:297] end initializing scorer
C2012_VC_3_FullCon_Wk01_Day03_041719.csv
[INFO 2020-01-24 00:18:53,031 model.py:286] begin to initialize the external scorer for decoding
[INFO 2020-01-24 00:19:02,913 model.py:296] language model: is_character_based = 0, max_order = 5, dict_size = 400000
[INFO 2020-01-24 00:19:03,008 model.py:297] end initializing scorer
C2016_VC_3_FullCon_Wk01_Day4_050219.csv
[INFO 2020-01-24 00:22:34,561 model.py:286] begin to initialize the external scorer for decoding
[INFO 2020-01-24 00:22:44,216 model.py:296] language model: is_character_based = 0, max_order = 5, dict_size = 400000
[INFO 2020-01-24 00:22:44,316 model.py:297] end initializing scorer
C2024_VC_3_FullCon_Wk01_Day3_091819.csv
[INFO 2020-01-24 00:26:39,988 model.py:286] begin to initialize the external scorer for decoding
[INFO 2020-01-24 00:26:49,504 model.py:296] language model: is_character_based = 0, max_order = 5, dict_size = 400000
[INFO 2020-01-24 00:26:49,599 model.py:297] end initializing scorer
P2CON1004_VC_3_FullCon_Wk01_Day3_030118.csv
[INFO 2020-01-24 00:30:24,640 model.py:286] begin to initialize the external scorer for decoding
[INFO 2020-01-24 00:30:34,255 model.py:296] language model: is_character_based = 0, max_order = 5, dict_size = 400000
[INFO 2020-01-24 00:30:34,350 model.py:297] end initializing scorer
P2CON1005_VC_3_FullCon_Wk01_Day3_022118.csv
[INFO 2020-01-24 00:34:10,128 model.py:286] begin to initialize the external scorer for decoding
[INFO 2020-01-24 00:34:19,695 model.py:296] language model: is_character_based = 0, max_order = 5, dict_size = 400000
[INFO 2020-01-24 00:34:19,791 model.py:297] end initializing scorer
P2CON1008_VC_3_FullCon_Wk01_Day3_030718.csv
[INFO 2020-01-24 00:37:51,123 model.py:286] begin to initialize the external scorer for decoding
[INFO 2020-01-24 00:38:01,007 model.py:296] language model: is_character_based = 0, max_order = 5, dict_size = 400000
[INFO 2020-01-24 00:38:01,103 model.py:297] end initializing scorer
P2CON1009_VC_3_FullCon_Wk01_Day3_031418.csv
[INFO 2020-01-24 00:41:28,272 model.py:286] begin to initialize the external scorer for decoding
[INFO 2020-01-24 00:41:37,782 model.py:296] language model: is_character_based = 0, max_order = 5, dict_size = 400000
[INFO 2020-01-24 00:41:37,876 model.py:297] end initializing scorer
P2CON1009_VC_3_FullCon_Wk01_Day4_031618.csv
[INFO 2020-01-24 00:45:16,849 model.py:286] begin to initialize the external scorer for decoding
[INFO 2020-01-24 00:45:26,513 model.py:296] language model: is_character_based = 0, max_order = 5, dict_size = 400000
[INFO 2020-01-24 00:45:26,609 model.py:297] end initializing scorer
P2CON1012_VC_3_FullCon_Wk01_Day3_062018.csv
[INFO 2020-01-24 00:48:51,328 model.py:286] begin to initialize the external scorer for decoding
[INFO 2020-01-24 00:49:01,348 model.py:296] language model: is_character_based = 0, max_order = 5, dict_size = 400000
[INFO 2020-01-24 00:49:01,444 model.py:297] end initializing scorer
P2CON1013_VC_3_FullCon_Wk01_Day3_062018.csv
[INFO 2020-01-24 00:54:03,170 model.py:286] begin to initialize the external scorer for decoding
[INFO 2020-01-24 00:54:12,730 model.py:296] language model: is_character_based = 0, max_order = 5, dict_size = 400000
[INFO 2020-01-24 00:54:12,826 model.py:297] end initializing scorer
P2CON2001_VC_3_FullCon_Wk01_Day1_030518.csv
[INFO 2020-01-24 00:57:36,424 model.py:286] begin to initialize the external scorer for decoding
[INFO 2020-01-24 00:57:46,209 model.py:296] language model: is_character_based = 0, max_order = 5, dict_size = 400000
[INFO 2020-01-24 00:57:46,307 model.py:297] end initializing scorer
P2CON2002_VC_3_FullCon_Wk02_Day3_041818.csv
[INFO 2020-01-24 01:01:01,286 model.py:286] begin to initialize the external scorer for decoding
[INFO 2020-01-24 01:01:10,821 model.py:296] language model: is_character_based = 0, max_order = 5, dict_size = 400000
[INFO 2020-01-24 01:01:10,917 model.py:297] end initializing scorer
P2CON2004_VC_3_FullCon_Wk01_Day3_042518.csv
[INFO 2020-01-24 01:04:38,580 model.py:286] begin to initialize the external scorer for decoding
[INFO 2020-01-24 01:04:48,150 model.py:296] language model: is_character_based = 0, max_order = 5, dict_size = 400000
[INFO 2020-01-24 01:04:48,246 model.py:297] end initializing scorer
P2CON2006_VC_3_FullCon_Wk01_Day3_042518.csv
[INFO 2020-01-24 01:08:10,075 model.py:286] begin to initialize the external scorer for decoding
[INFO 2020-01-24 01:08:19,648 model.py:296] language model: is_character_based = 0, max_order = 5, dict_size = 400000
[INFO 2020-01-24 01:08:19,743 model.py:297] end initializing scorer
P2CON2008_VC_3_FullCon_Wk01_Day3_052318.csv
[INFO 2020-01-24 01:11:52,901 model.py:286] begin to initialize the external scorer for decoding
[INFO 2020-01-24 01:12:02,522 model.py:296] language model: is_character_based = 0, max_order = 5, dict_size = 400000
[INFO 2020-01-24 01:12:02,616 model.py:297] end initializing scorer
PCON1002_VidChat_3_FullConvo_Wk01_Day01_26062017.csv
[INFO 2020-01-24 01:15:16,714 model.py:286] begin to initialize the external scorer for decoding
[INFO 2020-01-24 01:15:25,975 model.py:296] language model: is_character_based = 0, max_order = 5, dict_size = 400000
[INFO 2020-01-24 01:15:26,069 model.py:297] end initializing scorer
PCON1002_VidChat_3_FullConvo_Wk01_Day02_27062017.csv
[INFO 2020-01-24 01:18:26,465 model.py:286] begin to initialize the external scorer for decoding
[INFO 2020-01-24 01:18:35,842 model.py:296] language model: is_character_based = 0, max_order = 5, dict_size = 400000
[INFO 2020-01-24 01:18:35,937 model.py:297] end initializing scorer
PCON1002_VidChat_3_FullConvo_Wk01_Day03_28062017.csv
[INFO 2020-01-24 01:21:12,481 model.py:286] begin to initialize the external scorer for decoding
[INFO 2020-01-24 01:21:21,847 model.py:296] language model: is_character_based = 0, max_order = 5, dict_size = 400000
[INFO 2020-01-24 01:21:21,941 model.py:297] end initializing scorer
PCON1002_VidChat_3_FullConvo_Wk01_Day04_29062017.csv
[INFO 2020-01-24 01:24:00,287 model.py:286] begin to initialize the external scorer for decoding
[INFO 2020-01-24 01:24:09,798 model.py:296] language model: is_character_based = 0, max_order = 5, dict_size = 400000
[INFO 2020-01-24 01:24:09,893 model.py:297] end initializing scorer
PCON1004_VidChat_3_FullConvo_Wk03_Day03_12072017.csv
[INFO 2020-01-24 01:27:23,757 model.py:286] begin to initialize the external scorer for decoding
[INFO 2020-01-24 01:27:33,006 model.py:296] language model: is_character_based = 0, max_order = 5, dict_size = 400000
[INFO 2020-01-24 01:27:33,096 model.py:297] end initializing scorer
PCON1004_VidChat_3_FullConvo_Wk03_Day04_13072017.csv
[INFO 2020-01-24 01:30:12,842 model.py:286] begin to initialize the external scorer for decoding
[INFO 2020-01-24 01:30:21,722 model.py:296] language model: is_character_based = 0, max_order = 5, dict_size = 400000
[INFO 2020-01-24 01:30:21,812 model.py:297] end initializing scorer
PCON1006_VidChat_3_FullConvo_Wk01_Day03_05072017.csv
[INFO 2020-01-24 01:33:42,435 model.py:286] begin to initialize the external scorer for decoding
[INFO 2020-01-24 01:33:51,417 model.py:296] language model: is_character_based = 0, max_order = 5, dict_size = 400000
[INFO 2020-01-24 01:33:51,507 model.py:297] end initializing scorer
PCON1007_VidChat_3_FullConvo_Wk01_Day03_05072017.csv
[INFO 2020-01-24 01:36:29,443 model.py:286] begin to initialize the external scorer for decoding
[INFO 2020-01-24 01:36:38,339 model.py:296] language model: is_character_based = 0, max_order = 5, dict_size = 400000
[INFO 2020-01-24 01:36:38,429 model.py:297] end initializing scorer
PCON1008_VidChat_3_FullConvo_Wk01_Day03_12072017.csv
[INFO 2020-01-24 01:39:20,897 model.py:286] begin to initialize the external scorer for decoding
[INFO 2020-01-24 01:39:29,791 model.py:296] language model: is_character_based = 0, max_order = 5, dict_size = 400000
[INFO 2020-01-24 01:39:29,882 model.py:297] end initializing scorer
PCON1009_VidChat_3_FullConvo_Wk01_Day01_17072017.csv
[INFO 2020-01-24 01:42:06,279 model.py:286] begin to initialize the external scorer for decoding
[INFO 2020-01-24 01:42:15,161 model.py:296] language model: is_character_based = 0, max_order = 5, dict_size = 400000
[INFO 2020-01-24 01:42:15,252 model.py:297] end initializing scorer
PCON1009_VidChat_3_FullConvo_Wk01_Day02_18072017.csv
[INFO 2020-01-24 01:45:19,800 model.py:286] begin to initialize the external scorer for decoding
[INFO 2020-01-24 01:45:28,686 model.py:296] language model: is_character_based = 0, max_order = 5, dict_size = 400000
[INFO 2020-01-24 01:45:28,777 model.py:297] end initializing scorer
PCON1009_VidChat_3_FullConvo_Wk01_Day03_19072017.csv
[INFO 2020-01-24 01:48:34,350 model.py:286] begin to initialize the external scorer for decoding
[INFO 2020-01-24 01:48:43,230 model.py:296] language model: is_character_based = 0, max_order = 5, dict_size = 400000
[INFO 2020-01-24 01:48:43,321 model.py:297] end initializing scorer
PCON1009_VidChat_3_FullConvo_Wk01_Day04_20072017.csv
[INFO 2020-01-24 01:51:26,087 model.py:286] begin to initialize the external scorer for decoding
[INFO 2020-01-24 01:51:35,007 model.py:296] language model: is_character_based = 0, max_order = 5, dict_size = 400000
[INFO 2020-01-24 01:51:35,098 model.py:297] end initializing scorer
PCON1010_VidChat_3_FullConvo_Wk01_Day03_26072017.csv
[INFO 2020-01-24 01:54:59,356 model.py:286] begin to initialize the external scorer for decoding
[INFO 2020-01-24 01:55:08,269 model.py:296] language model: is_character_based = 0, max_order = 5, dict_size = 400000
[INFO 2020-01-24 01:55:08,360 model.py:297] end initializing scorer
PCON1013_VidChat_3_FullConvo_Wk01_Day03_30082017.csv
[INFO 2020-01-24 01:58:01,001 model.py:286] begin to initialize the external scorer for decoding
[INFO 2020-01-24 01:58:09,883 model.py:296] language model: is_character_based = 0, max_order = 5, dict_size = 400000
[INFO 2020-01-24 01:58:09,974 model.py:297] end initializing scorer
PCON1014_VidChat_3_FullConvo_Wk01_Day03_06092017.csv
[INFO 2020-01-24 02:00:44,734 model.py:286] begin to initialize the external scorer for decoding
[INFO 2020-01-24 02:00:53,659 model.py:296] language model: is_character_based = 0, max_order = 5, dict_size = 400000
[INFO 2020-01-24 02:00:53,750 model.py:297] end initializing scorer
PCON1014_VidChat_3_FullConvo_Wk01_Day04_07092017.csv
[INFO 2020-01-24 02:04:05,690 model.py:286] begin to initialize the external scorer for decoding
[INFO 2020-01-24 02:04:14,592 model.py:296] language model: is_character_based = 0, max_order = 5, dict_size = 400000
[INFO 2020-01-24 02:04:14,682 model.py:297] end initializing scorer
PCON1015_VidChat_3_FullConvo_Wk01_Day03_04102017.csv
[INFO 2020-01-24 02:07:18,942 model.py:286] begin to initialize the external scorer for decoding
[INFO 2020-01-24 02:07:27,847 model.py:296] language model: is_character_based = 0, max_order = 5, dict_size = 400000
[INFO 2020-01-24 02:07:27,937 model.py:297] end initializing scorer
PCON1019_VidChat_3_FullConvo_Wk01_Day01_16102017.csv
[INFO 2020-01-24 02:10:10,180 model.py:286] begin to initialize the external scorer for decoding
[INFO 2020-01-24 02:10:19,062 model.py:296] language model: is_character_based = 0, max_order = 5, dict_size = 400000
[INFO 2020-01-24 02:10:19,153 model.py:297] end initializing scorer
PCON1019_VidChat_3_FullConvo_Wk01_Day02_17102017.csv
[INFO 2020-01-24 02:13:32,872 model.py:286] begin to initialize the external scorer for decoding
[INFO 2020-01-24 02:13:41,751 model.py:296] language model: is_character_based = 0, max_order = 5, dict_size = 400000
[INFO 2020-01-24 02:13:41,841 model.py:297] end initializing scorer
PCON1019_VidChat_3_FullConvo_Wk01_Day03_18102017.csv
[INFO 2020-01-24 02:16:25,016 model.py:286] begin to initialize the external scorer for decoding
[INFO 2020-01-24 02:16:33,898 model.py:296] language model: is_character_based = 0, max_order = 5, dict_size = 400000
[INFO 2020-01-24 02:16:33,989 model.py:297] end initializing scorer
PCON1019_VidChat_3_FullConvo_Wk01_Day04_19102017.csv
[INFO 2020-01-24 02:20:06,836 model.py:286] begin to initialize the external scorer for decoding
[INFO 2020-01-24 02:20:15,750 model.py:296] language model: is_character_based = 0, max_order = 5, dict_size = 400000
[INFO 2020-01-24 02:20:15,841 model.py:297] end initializing scorer
PCON1019_VidChat_3_FullConvo_Wk02_Day01_23102017.csv
[INFO 2020-01-24 02:23:38,676 model.py:286] begin to initialize the external scorer for decoding
[INFO 2020-01-24 02:23:47,568 model.py:296] language model: is_character_based = 0, max_order = 5, dict_size = 400000
[INFO 2020-01-24 02:23:47,658 model.py:297] end initializing scorer
PCON1019_VidChat_3_FullConvo_Wk02_Day02_24102017.csv
[INFO 2020-01-24 02:27:10,541 model.py:286] begin to initialize the external scorer for decoding
[INFO 2020-01-24 02:27:19,441 model.py:296] language model: is_character_based = 0, max_order = 5, dict_size = 400000
[INFO 2020-01-24 02:27:19,531 model.py:297] end initializing scorer
PCON1019_VidChat_3_FullConvo_Wk02_Day03_25102017.csv
[INFO 2020-01-24 02:30:45,097 model.py:286] begin to initialize the external scorer for decoding
[INFO 2020-01-24 02:30:54,054 model.py:296] language model: is_character_based = 0, max_order = 5, dict_size = 400000
[INFO 2020-01-24 02:30:54,144 model.py:297] end initializing scorer
PCON1019_VidChat_3_FullConvo_Wk03_Day01_30102017.csv
[INFO 2020-01-24 02:34:01,732 model.py:286] begin to initialize the external scorer for decoding
[INFO 2020-01-24 02:34:10,610 model.py:296] language model: is_character_based = 0, max_order = 5, dict_size = 400000
[INFO 2020-01-24 02:34:10,703 model.py:297] end initializing scorer
PCON1019_VidChat_3_FullConvo_Wk03_Day02_31102017.csv
[INFO 2020-01-24 02:37:17,176 model.py:286] begin to initialize the external scorer for decoding
[INFO 2020-01-24 02:37:26,045 model.py:296] language model: is_character_based = 0, max_order = 5, dict_size = 400000
[INFO 2020-01-24 02:37:26,136 model.py:297] end initializing scorer
PCON1019_VidChat_3_FullConvo_Wk03_Day03_01112017.csv
[INFO 2020-01-24 02:40:34,750 model.py:286] begin to initialize the external scorer for decoding
[INFO 2020-01-24 02:40:43,687 model.py:296] language model: is_character_based = 0, max_order = 5, dict_size = 400000
[INFO 2020-01-24 02:40:43,777 model.py:297] end initializing scorer
PCON1019_VidChat_3_FullConvo_Wk03_Day04_02112017.csv
[INFO 2020-01-24 02:43:33,383 model.py:286] begin to initialize the external scorer for decoding
[INFO 2020-01-24 02:43:42,265 model.py:296] language model: is_character_based = 0, max_order = 5, dict_size = 400000
[INFO 2020-01-24 02:43:42,356 model.py:297] end initializing scorer
PCON1019_VidChat_3_FullConvo_Wk04_Day01_06112017.csv
[INFO 2020-01-24 02:46:47,424 model.py:286] begin to initialize the external scorer for decoding
[INFO 2020-01-24 02:46:56,313 model.py:296] language model: is_character_based = 0, max_order = 5, dict_size = 400000
[INFO 2020-01-24 02:46:56,403 model.py:297] end initializing scorer
PCON1019_VidChat_3_FullConvo_Wk04_Day02_07112017.csv
[INFO 2020-01-24 02:50:45,105 model.py:286] begin to initialize the external scorer for decoding
[INFO 2020-01-24 02:50:54,029 model.py:296] language model: is_character_based = 0, max_order = 5, dict_size = 400000
[INFO 2020-01-24 02:50:54,120 model.py:297] end initializing scorer
PCON1019_VidChat_3_FullConvo_Wk04_Day03_08112017.csv
[INFO 2020-01-24 02:54:42,772 model.py:286] begin to initialize the external scorer for decoding
[INFO 2020-01-24 02:54:52,290 model.py:296] language model: is_character_based = 0, max_order = 5, dict_size = 400000
[INFO 2020-01-24 02:54:52,394 model.py:297] end initializing scorer
PCON1019_VidChat_3_FullConvo_Wk04_Day04_09112017.csv
[INFO 2020-01-24 02:57:53,048 model.py:286] begin to initialize the external scorer for decoding
[INFO 2020-01-24 02:58:02,276 model.py:296] language model: is_character_based = 0, max_order = 5, dict_size = 400000
[INFO 2020-01-24 02:58:02,380 model.py:297] end initializing scorer
PCON1019_VidChat_3_FullConvo_Wk05_Day01_13112017.csv
[INFO 2020-01-24 03:01:30,087 model.py:286] begin to initialize the external scorer for decoding
[INFO 2020-01-24 03:01:39,056 model.py:296] language model: is_character_based = 0, max_order = 5, dict_size = 400000
[INFO 2020-01-24 03:01:39,147 model.py:297] end initializing scorer
PCON1019_VidChat_3_FullConvo_Wk05_Day02_14112017.csv
[INFO 2020-01-24 03:04:51,861 model.py:286] begin to initialize the external scorer for decoding
[INFO 2020-01-24 03:05:00,751 model.py:296] language model: is_character_based = 0, max_order = 5, dict_size = 400000
[INFO 2020-01-24 03:05:00,842 model.py:297] end initializing scorer
PCON1019_VidChat_3_FullConvo_Wk05_Day03_15112017.csv
[INFO 2020-01-24 03:08:13,078 model.py:286] begin to initialize the external scorer for decoding
[INFO 2020-01-24 03:08:22,024 model.py:296] language model: is_character_based = 0, max_order = 5, dict_size = 400000
[INFO 2020-01-24 03:08:22,114 model.py:297] end initializing scorer
PCON1019_VidChat_3_FullConvo_Wk05_Day04_16112017.csv
[INFO 2020-01-24 03:11:10,379 model.py:286] begin to initialize the external scorer for decoding
[INFO 2020-01-24 03:11:19,277 model.py:296] language model: is_character_based = 0, max_order = 5, dict_size = 400000
[INFO 2020-01-24 03:11:19,368 model.py:297] end initializing scorer
PCON1019_VidChat_3_FullConvo_Wk06_Day01_20112017.csv
[INFO 2020-01-24 03:14:37,759 model.py:286] begin to initialize the external scorer for decoding
[INFO 2020-01-24 03:14:46,640 model.py:296] language model: is_character_based = 0, max_order = 5, dict_size = 400000
[INFO 2020-01-24 03:14:46,730 model.py:297] end initializing scorer
PCON1019_VidChat_3_FullConvo_Wk06_Day02_21112017.csv
[INFO 2020-01-24 03:18:09,128 model.py:286] begin to initialize the external scorer for decoding
[INFO 2020-01-24 03:18:18,042 model.py:296] language model: is_character_based = 0, max_order = 5, dict_size = 400000
[INFO 2020-01-24 03:18:18,133 model.py:297] end initializing scorer
PCON1019_VidChat_3_FullConvo_Wk06_Day03_22112017.csv
[INFO 2020-01-24 03:21:01,470 model.py:286] begin to initialize the external scorer for decoding
[INFO 2020-01-24 03:21:10,383 model.py:296] language model: is_character_based = 0, max_order = 5, dict_size = 400000
[INFO 2020-01-24 03:21:10,473 model.py:297] end initializing scorer
